<?xml version="1.0" encoding="UTF-8"?>
<!-- Generated by org.testng.reporters.JUnitReportReporter -->
<testsuite skipped="0" hostname="DESKTOP-RMMD0UM" name="Demo.homePage" tests="1" failures="0" timestamp="11 Sep 2018 10:34:46 GMT" time="32.039" errors="0">
  <testcase name="HomePageNavigation" time="32.039" classname="Demo.homePage"/>
</testsuite> <!-- Demo.homePage -->
